<?xml version="1.0" encoding="UTF-8"?>
<!-- Generated by org.testng.reporters.JUnitReportReporter -->
<testsuite hostname="LAPTOP-FP41D9PS" failures="0" tests="1" name="numbers.GFC_TestNG" time="22.629" errors="0" timestamp="16 Jun 2023 10:50:38 GMT" skipped="0">
  <testcase classname="numbers.GFC_TestNG" name="ValidationApp" time="22.629"/>
</testsuite> <!-- numbers.GFC_TestNG -->
