<?xml version="1.0" encoding="UTF-8"?>
<!-- Generated by org.testng.reporters.JUnitReportReporter -->
<testsuite hostname="LAPTOP-FP41D9PS" failures="0" tests="1" name="numbercrunching.With_Varibles_to_TestNG" time="49.633" errors="0" timestamp="16 Jun 2023 10:50:38 GMT" skipped="0">
  <testcase classname="numbercrunching.With_Varibles_to_TestNG" name="ValidationApp" time="49.633"/>
</testsuite> <!-- numbercrunching.With_Varibles_to_TestNG -->
