<?xml version="1.0" encoding="UTF-8"?>
<!-- Generated by org.testng.reporters.JUnitReportReporter -->
<testsuite hostname="LAPTOP-FP41D9PS" failures="0" tests="2" name="fractions.Converting_TestNg" time="65.818" errors="0" timestamp="16 Jun 2023 10:50:38 GMT" skipped="0">
  <testcase classname="fractions.Converting_TestNg" name="ValidationApp" time="33.289"/>
  <testcase classname="fractions.Converting_TestNg" name="ValidationApp1" time="32.529"/>
</testsuite> <!-- fractions.Converting_TestNg -->
