<?xml version="1.0" encoding="UTF-8"?>
<!-- Generated by org.testng.reporters.JUnitReportReporter -->
<testsuite hostname="LAPTOP-FP41D9PS" failures="0" tests="1" name="decimals.Fraction_To_Decimal_TestNG" time="45.968" errors="0" timestamp="16 Jun 2023 10:50:38 GMT" skipped="0">
  <testcase classname="decimals.Fraction_To_Decimal_TestNG" name="ValidationApp" time="45.968"/>
</testsuite> <!-- decimals.Fraction_To_Decimal_TestNG -->
