<?xml version="1.0" encoding="UTF-8"?>
<!-- Generated by org.testng.reporters.JUnitReportReporter -->
<testsuite hostname="LAPTOP-FP41D9PS" failures="0" tests="2" name="scientificnotation.Converting_TestNg" time="51.647" errors="0" timestamp="16 Jun 2023 10:50:38 GMT" skipped="0">
  <testcase classname="scientificnotation.Converting_TestNg" name="ValidationApp1" time="22.966"/>
  <testcase classname="scientificnotation.Converting_TestNg" name="ValidationApp" time="28.681"/>
</testsuite> <!-- scientificnotation.Converting_TestNg -->
