<?xml version="1.0" encoding="UTF-8"?>
<!-- Generated by org.testng.reporters.JUnitReportReporter -->
<testsuite hostname="LAPTOP-FP41D9PS" failures="0" tests="3" name="scientificnotation.Dividewith_TestNg" time="103.037" errors="0" timestamp="16 Jun 2023 10:50:38 GMT" skipped="0">
  <testcase classname="scientificnotation.Dividewith_TestNg" name="ValidationApp" time="36.180"/>
  <testcase classname="scientificnotation.Dividewith_TestNg" name="ValidationApp2" time="31.470"/>
  <testcase classname="scientificnotation.Dividewith_TestNg" name="ValidationApp1" time="35.387"/>
</testsuite> <!-- scientificnotation.Dividewith_TestNg -->
