<?xml version="1.0" encoding="UTF-8"?>
<!-- Generated by org.testng.reporters.JUnitReportReporter -->
<testsuite hostname="LAPTOP-FP41D9PS" failures="0" tests="1" name="fractions.Divide_TestNg" time="74.732" errors="0" timestamp="16 Jun 2023 10:50:38 GMT" skipped="0">
  <testcase classname="fractions.Divide_TestNg" name="ValidationApp" time="74.732"/>
</testsuite> <!-- fractions.Divide_TestNg -->
