<?xml version="1.0" encoding="UTF-8"?>
<!-- Generated by org.testng.reporters.JUnitReportReporter -->
<testsuite hostname="LAPTOP-FP41D9PS" failures="0" tests="1" name="decimals.Decimal_To_Fraction_TestNG" time="20.806" errors="0" timestamp="16 Jun 2023 11:02:54 GMT" skipped="0">
  <testcase classname="decimals.Decimal_To_Fraction_TestNG" name="ValidationApp" time="20.806"/>
</testsuite> <!-- decimals.Decimal_To_Fraction_TestNG -->
