<?xml version="1.0" encoding="UTF-8"?>
<!-- Generated by org.testng.reporters.JUnitReportReporter -->
<testsuite hostname="LAPTOP-FP41D9PS" failures="0" tests="2" name="scientificnotation.Multiplywith_TestNg" time="76.674" errors="0" timestamp="16 Jun 2023 10:50:38 GMT" skipped="0">
  <testcase classname="scientificnotation.Multiplywith_TestNg" name="ValidationApp1" time="36.757"/>
  <testcase classname="scientificnotation.Multiplywith_TestNg" name="ValidationApp" time="39.917"/>
</testsuite> <!-- scientificnotation.Multiplywith_TestNg -->
